<?xml version="1.0" encoding="UTF-8"?>
<!--
Copyright 2015 Cognitive Medical Systems, Inc (http://www.cognitivemedciine.com).

Licensed under the Apache License, Version 2.0 (the "License");
you may not use this file except in compliance with the License.
You may obtain a copy of the License at

     http://www.apache.org/licenses/LICENSE-2.0

Unless required by applicable law or agreed to in writing, software
distributed under the License is distributed on an "AS IS" BASIS,
WITHOUT WARRANTIES OR CONDITIONS OF ANY KIND, either express or implied.
See the License for the specific language governing permissions and
limitations under the License.
-->

<beans xmlns="http://www.springframework.org/schema/beans"
	xmlns:xsi="http://www.w3.org/2001/XMLSchema-instance"
	xmlns:context="http://www.springframework.org/schema/context"
	xsi:schemaLocation="http://www.springframework.org/schema/beans http://www.springframework.org/schema/beans/spring-beans-3.2.xsd
		http://www.springframework.org/schema/context http://www.springframework.org/schema/context/spring-context-3.2.xsd">
	
	<context:annotation-config />

	<bean id="OrderCatalogManagementServiceImpl" name="OrderCatalogManagementServiceImpl"
		class="org.socraticgrid.hl7.services.orders.service.impl.OrderCatalogManagementImpl">
	</bean>

	<bean id="OrderCatalogManagementService" name="OrderCatalogManagementService"
		class="org.socraticgrid.hl7.services.orders.OrderCatalogManagementService">
	</bean>
	
	<bean id="OrderCatalogDaoImpl" name="OrderCatalogDaoImpl"
		class="org.socraticgrid.hl7.services.orders.dao.OrderCatalogDaoImpl">
	</bean>

	<bean id="ExistDatabaseManager" name="ExistDatabaseManager"
		class="org.socraticgrid.hl7.services.orders.functional.ExistDatabaseManager">
	</bean>
	
</beans>
